0 info it worked if it ends with ok
1 verbose cli [ '/usr/local/Cellar/node/4.4.4/bin/node',
1 verbose cli   '/usr/local/bin/npm',
1 verbose cli   'publish' ]
2 info using npm@2.15.1
3 info using node@v4.4.4
4 verbose publish [ '.' ]
5 silly cache add args [ '.', null ]
6 verbose cache add spec .
7 silly cache add parsed spec Result {
7 silly cache add   raw: '.',
7 silly cache add   scope: null,
7 silly cache add   name: null,
7 silly cache add   rawSpec: '.',
7 silly cache add   spec: '/Users/alan/git/ecma/bluey/prolific/prolific.stdio',
7 silly cache add   type: 'directory' }
8 verbose addLocalDirectory /Users/alan/.npm/prolific.stdio/0.0.0/package.tgz not in flight; packing
9 verbose correctMkdir /Users/alan/.npm correctMkdir not in flight; initializing
10 verbose tar pack [ '/Users/alan/.npm/prolific.stdio/0.0.0/package.tgz',
10 verbose tar pack   '/Users/alan/git/ecma/bluey/prolific/prolific.stdio' ]
11 verbose tarball /Users/alan/.npm/prolific.stdio/0.0.0/package.tgz
12 verbose folder /Users/alan/git/ecma/bluey/prolific/prolific.stdio
13 info prepublish prolific.stdio@0.0.0
14 verbose addLocalTarball adding from inside cache /Users/alan/.npm/prolific.stdio/0.0.0/package.tgz
15 verbose correctMkdir /Users/alan/.npm correctMkdir not in flight; initializing
16 silly cache afterAdd prolific.stdio@0.0.0
17 verbose afterAdd /Users/alan/.npm/prolific.stdio/0.0.0/package/package.json not in flight; writing
18 verbose correctMkdir /Users/alan/.npm correctMkdir not in flight; initializing
19 verbose afterAdd /Users/alan/.npm/prolific.stdio/0.0.0/package/package.json written
20 silly publish { name: 'prolific.stdio',
20 silly publish   version: '0.0.0',
20 silly publish   description: 'A standard I/O sender implementation for the Prolific logging framework.',
20 silly publish   keywords: [ 'logging', 'syslog' ],
20 silly publish   author: { name: 'Alan Gutierrez', email: 'alan@prettyrobots.com' },
20 silly publish   contributors: [],
20 silly publish   homepage: 'https://github.com/bigeasy/prolific',
20 silly publish   bugs: { url: 'https://github.com/bigeasy/prolific/issues' },
20 silly publish   license: 'MIT',
20 silly publish   repository:
20 silly publish    { type: 'git',
20 silly publish      url: 'git+ssh://git@github.com/bigeasy/prolific.git' },
20 silly publish   dependencies: { arguable: '2.5.5', cadence: '1.x' },
20 silly publish   devDependencies: { proof: '1.x' },
20 silly publish   main: 'sender.stdio',
20 silly publish   scripts: { test: 'proof test t/*.t.js' },
20 silly publish   readme: 'Prolific STDIO Sender\n\nA standard I/O sender implementation for the Prolific logging framework.\n',
20 silly publish   readmeFilename: 'README.md',
20 silly publish   _id: 'prolific.stdio@0.0.0',
20 silly publish   _shasum: '2c71ae4454590ff64695074987d1740338f45137',
20 silly publish   _from: '.' }
21 verbose getPublishConfig undefined
22 silly mapToRegistry name prolific.stdio
23 silly mapToRegistry using default registry
24 silly mapToRegistry registry https://registry.npmjs.org/
25 silly mapToRegistry data Result {
25 silly mapToRegistry   raw: 'prolific.stdio',
25 silly mapToRegistry   scope: null,
25 silly mapToRegistry   name: 'prolific.stdio',
25 silly mapToRegistry   rawSpec: '',
25 silly mapToRegistry   spec: 'latest',
25 silly mapToRegistry   type: 'tag' }
26 silly mapToRegistry uri https://registry.npmjs.org/prolific.stdio
27 verbose publish registryBase https://registry.npmjs.org/
28 silly publish uploading /Users/alan/.npm/prolific.stdio/0.0.0/package.tgz
29 verbose request uri https://registry.npmjs.org/prolific.stdio
30 verbose request sending authorization for write operation
31 info attempt registry request try #1 at 08:41:52
32 verbose request using bearer token for auth
33 verbose request id 270ac7cf81679d9d
34 http request PUT https://registry.npmjs.org/prolific.stdio
35 http 403 https://registry.npmjs.org/prolific.stdio
36 verbose headers { 'content-type': 'application/json',
36 verbose headers   'cache-control': 'max-age=300',
36 verbose headers   'content-length': '128',
36 verbose headers   'accept-ranges': 'bytes',
36 verbose headers   date: 'Sun, 12 Jun 2016 13:41:51 GMT',
36 verbose headers   via: '1.1 varnish',
36 verbose headers   connection: 'keep-alive',
36 verbose headers   'x-served-by': 'cache-dfw1826-DFW',
36 verbose headers   'x-cache': 'MISS',
36 verbose headers   'x-cache-hits': '0',
36 verbose headers   'x-timer': 'S1465738910.187226,VS0,VE1547',
36 verbose headers   vary: 'Accept-Encoding' }
37 verbose request invalidating /Users/alan/.npm/registry.npmjs.org/prolific.stdio on PUT
38 error publish Failed PUT 403
39 verbose stack Error: "You cannot publish over the previously published version 0.0.0. Try bumping the version to 1.0.0" : prolific.stdio
39 verbose stack     at makeError (/usr/local/Cellar/node/4.4.4/lib/node_modules/npm/node_modules/npm-registry-client/lib/request.js:264:12)
39 verbose stack     at CachingRegistryClient.<anonymous> (/usr/local/Cellar/node/4.4.4/lib/node_modules/npm/node_modules/npm-registry-client/lib/request.js:252:14)
39 verbose stack     at Request._callback (/usr/local/Cellar/node/4.4.4/lib/node_modules/npm/node_modules/npm-registry-client/lib/request.js:172:14)
39 verbose stack     at Request.self.callback (/usr/local/Cellar/node/4.4.4/lib/node_modules/npm/node_modules/request/request.js:199:22)
39 verbose stack     at emitTwo (events.js:87:13)
39 verbose stack     at Request.emit (events.js:172:7)
39 verbose stack     at Request.<anonymous> (/usr/local/Cellar/node/4.4.4/lib/node_modules/npm/node_modules/request/request.js:1036:10)
39 verbose stack     at emitOne (events.js:82:20)
39 verbose stack     at Request.emit (events.js:169:7)
39 verbose stack     at IncomingMessage.<anonymous> (/usr/local/Cellar/node/4.4.4/lib/node_modules/npm/node_modules/request/request.js:963:12)
40 verbose statusCode 403
41 verbose pkgid prolific.stdio
42 verbose cwd /Users/alan/git/ecma/bluey/prolific/prolific.stdio
43 error Darwin 15.5.0
44 error argv "/usr/local/Cellar/node/4.4.4/bin/node" "/usr/local/bin/npm" "publish"
45 error node v4.4.4
46 error npm  v2.15.1
47 error code E403
48 error "You cannot publish over the previously published version 0.0.0. Try bumping the version to 1.0.0" : prolific.stdio
49 error If you need help, you may report this error at:
49 error     <https://github.com/npm/npm/issues>
50 verbose exit [ 1, true ]
