0 info it worked if it ends with ok
1 verbose cli [ '/usr/local/Cellar/node/4.5.0/bin/node',
1 verbose cli   '/usr/local/bin/npm',
1 verbose cli   'publish' ]
2 info using npm@3.10.7
3 info using node@v4.5.0
4 verbose publish [ '.' ]
5 silly cache add args [ '.', null ]
6 verbose cache add spec .
7 silly cache add parsed spec Result {
7 silly cache add   raw: '.',
7 silly cache add   scope: null,
7 silly cache add   escapedName: null,
7 silly cache add   name: null,
7 silly cache add   rawSpec: '.',
7 silly cache add   spec: '/Users/alan/git/ecma/prolific/prolific.logger',
7 silly cache add   type: 'directory' }
8 verbose addLocalDirectory /Users/alan/.npm/prolific.logger/2.0.1/package.tgz not in flight; packing
9 verbose correctMkdir /Users/alan/.npm correctMkdir not in flight; initializing
10 info lifecycle prolific.logger@2.0.1~prepublish: prolific.logger@2.0.1
11 silly lifecycle prolific.logger@2.0.1~prepublish: no script for prepublish, continuing
12 verbose tar pack [ '/Users/alan/.npm/prolific.logger/2.0.1/package.tgz',
12 verbose tar pack   '/Users/alan/git/ecma/prolific/prolific.logger' ]
13 verbose tarball /Users/alan/.npm/prolific.logger/2.0.1/package.tgz
14 verbose folder /Users/alan/git/ecma/prolific/prolific.logger
15 verbose addLocalTarball adding from inside cache /Users/alan/.npm/prolific.logger/2.0.1/package.tgz
16 verbose correctMkdir /Users/alan/.npm correctMkdir not in flight; initializing
17 silly cache afterAdd prolific.logger@2.0.1
18 verbose afterAdd /Users/alan/.npm/prolific.logger/2.0.1/package/package.json not in flight; writing
19 verbose correctMkdir /Users/alan/.npm correctMkdir not in flight; initializing
20 verbose afterAdd /Users/alan/.npm/prolific.logger/2.0.1/package/package.json written
21 silly publish { name: 'prolific.logger',
21 silly publish   version: '2.0.1',
21 silly publish   description: 'Logger implementation for Prolific logging framework.',
21 silly publish   keywords: [ 'logging', 'log', 'syslog', 'prolific' ],
21 silly publish   author: { name: 'Alan Gutierrez', email: 'alan@prettyrobots.com' },
21 silly publish   homepage: 'https://github.com/bigeasy/prolific',
21 silly publish   bugs: { url: 'https://github.com/bigeasy/prolific/issues' },
21 silly publish   license: 'MIT',
21 silly publish   repository:
21 silly publish    { type: 'git',
21 silly publish      url: 'git+ssh://git@github.com/bigeasy/prolific.git' },
21 silly publish   dependencies: { 'prolific.resolver': '1.0.x' },
21 silly publish   devDependencies: { proof: '1.1.x' },
21 silly publish   main: 'logger',
21 silly publish   scripts: { test: 'proof test t/*.t.js' },
21 silly publish   readme: '# Prolific\n\nA logging framework.\n',
21 silly publish   readmeFilename: 'README.md',
21 silly publish   _id: 'prolific.logger@2.0.1',
21 silly publish   _shasum: 'a2a28a898b1de92279cc43f96c9c4561fcbec5d8',
21 silly publish   _from: '.' }
22 verbose getPublishConfig undefined
23 silly mapToRegistry name prolific.logger
24 silly mapToRegistry using default registry
25 silly mapToRegistry registry https://registry.npmjs.org/
26 silly mapToRegistry data Result {
26 silly mapToRegistry   raw: 'prolific.logger',
26 silly mapToRegistry   scope: null,
26 silly mapToRegistry   escapedName: 'prolific.logger',
26 silly mapToRegistry   name: 'prolific.logger',
26 silly mapToRegistry   rawSpec: '',
26 silly mapToRegistry   spec: 'latest',
26 silly mapToRegistry   type: 'tag' }
27 silly mapToRegistry uri https://registry.npmjs.org/prolific.logger
28 verbose publish registryBase https://registry.npmjs.org/
29 silly publish uploading /Users/alan/.npm/prolific.logger/2.0.1/package.tgz
30 verbose request uri https://registry.npmjs.org/prolific.logger
31 verbose request sending authorization for write operation
32 info attempt registry request try #1 at 09:01:38
33 verbose request using bearer token for auth
34 verbose request id 788eed94767abde0
35 http request PUT https://registry.npmjs.org/prolific.logger
36 http 403 https://registry.npmjs.org/prolific.logger
37 verbose headers { 'content-type': 'application/json',
37 verbose headers   'cache-control': 'max-age=300',
37 verbose headers   'content-length': '95',
37 verbose headers   'accept-ranges': 'bytes',
37 verbose headers   date: 'Thu, 22 Sep 2016 14:01:39 GMT',
37 verbose headers   via: '1.1 varnish',
37 verbose headers   connection: 'keep-alive',
37 verbose headers   'x-served-by': 'cache-dfw1844-DFW',
37 verbose headers   'x-cache': 'MISS',
37 verbose headers   'x-cache-hits': '0',
37 verbose headers   'x-timer': 'S1474552898.859098,VS0,VE815',
37 verbose headers   vary: 'Accept-Encoding' }
38 verbose request invalidating /Users/alan/.npm/registry.npmjs.org/prolific.logger on PUT
39 error publish Failed PUT 403
40 verbose stack Error: "You cannot publish over the previously published version 2.0.1." : prolific.logger
40 verbose stack     at makeError (/usr/local/Cellar/node/4.5.0/lib/node_modules/npm/node_modules/npm-registry-client/lib/request.js:264:12)
40 verbose stack     at CachingRegistryClient.<anonymous> (/usr/local/Cellar/node/4.5.0/lib/node_modules/npm/node_modules/npm-registry-client/lib/request.js:252:14)
40 verbose stack     at Request._callback (/usr/local/Cellar/node/4.5.0/lib/node_modules/npm/node_modules/npm-registry-client/lib/request.js:172:14)
40 verbose stack     at Request.self.callback (/usr/local/Cellar/node/4.5.0/lib/node_modules/npm/node_modules/request/request.js:187:22)
40 verbose stack     at emitTwo (events.js:87:13)
40 verbose stack     at Request.emit (events.js:172:7)
40 verbose stack     at Request.<anonymous> (/usr/local/Cellar/node/4.5.0/lib/node_modules/npm/node_modules/request/request.js:1044:10)
40 verbose stack     at emitOne (events.js:77:13)
40 verbose stack     at Request.emit (events.js:169:7)
40 verbose stack     at IncomingMessage.<anonymous> (/usr/local/Cellar/node/4.5.0/lib/node_modules/npm/node_modules/request/request.js:965:12)
41 verbose statusCode 403
42 verbose pkgid prolific.logger
43 verbose cwd /Users/alan/git/ecma/prolific/prolific.logger
44 error Darwin 15.6.0
45 error argv "/usr/local/Cellar/node/4.5.0/bin/node" "/usr/local/bin/npm" "publish"
46 error node v4.5.0
47 error npm  v3.10.7
48 error code E403
49 error "You cannot publish over the previously published version 2.0.1." : prolific.logger
50 error If you need help, you may report this error at:
50 error     <https://github.com/npm/npm/issues>
51 verbose exit [ 1, true ]
